<?xml version="1.0" encoding="UTF-8"?>
<testsuite xmlns:xsi="http://www.w3.org/2001/XMLSchema-instance" xsi:noNamespaceSchemaLocation="https://maven.apache.org/surefire/maven-surefire-plugin/xsd/surefire-test-report.xsd" name="TestSuite" time="182.049" tests="10" errors="0" skipped="0" failures="0">
  <properties>
    <property name="gopherProxySet" value="false"/>
    <property name="awt.toolkit" value="sun.lwawt.macosx.LWCToolkit"/>
    <property name="file.encoding.pkg" value="sun.io"/>
    <property name="java.specification.version" value="1.8"/>
    <property name="sun.cpu.isalist" value=""/>
    <property name="sun.jnu.encoding" value="UTF-8"/>
    <property name="java.class.path" value="/Users/gourisoneja/eclipse-workspace/FreeCRMTest/target/test-classes:/Users/gourisoneja/eclipse-workspace/FreeCRMTest/target/classes:/Users/gourisoneja/.m2/repository/junit/junit/4.11/junit-4.11.jar:/Users/gourisoneja/.m2/repository/org/hamcrest/hamcrest-core/1.3/hamcrest-core-1.3.jar:/Users/gourisoneja/.m2/repository/org/seleniumhq/selenium/selenium-java/3.141.59/selenium-java-3.141.59.jar:/Users/gourisoneja/.m2/repository/org/seleniumhq/selenium/selenium-api/3.141.59/selenium-api-3.141.59.jar:/Users/gourisoneja/.m2/repository/org/seleniumhq/selenium/selenium-chrome-driver/3.141.59/selenium-chrome-driver-3.141.59.jar:/Users/gourisoneja/.m2/repository/org/seleniumhq/selenium/selenium-edge-driver/3.141.59/selenium-edge-driver-3.141.59.jar:/Users/gourisoneja/.m2/repository/org/seleniumhq/selenium/selenium-firefox-driver/3.141.59/selenium-firefox-driver-3.141.59.jar:/Users/gourisoneja/.m2/repository/org/seleniumhq/selenium/selenium-ie-driver/3.141.59/selenium-ie-driver-3.141.59.jar:/Users/gourisoneja/.m2/repository/org/seleniumhq/selenium/selenium-opera-driver/3.141.59/selenium-opera-driver-3.141.59.jar:/Users/gourisoneja/.m2/repository/org/seleniumhq/selenium/selenium-remote-driver/3.141.59/selenium-remote-driver-3.141.59.jar:/Users/gourisoneja/.m2/repository/org/seleniumhq/selenium/selenium-safari-driver/3.141.59/selenium-safari-driver-3.141.59.jar:/Users/gourisoneja/.m2/repository/org/seleniumhq/selenium/selenium-support/3.141.59/selenium-support-3.141.59.jar:/Users/gourisoneja/.m2/repository/net/bytebuddy/byte-buddy/1.8.15/byte-buddy-1.8.15.jar:/Users/gourisoneja/.m2/repository/org/apache/commons/commons-exec/1.3/commons-exec-1.3.jar:/Users/gourisoneja/.m2/repository/com/google/guava/guava/25.0-jre/guava-25.0-jre.jar:/Users/gourisoneja/.m2/repository/com/google/code/findbugs/jsr305/1.3.9/jsr305-1.3.9.jar:/Users/gourisoneja/.m2/repository/org/checkerframework/checker-compat-qual/2.0.0/checker-compat-qual-2.0.0.jar:/Users/gourisoneja/.m2/repository/com/google/errorprone/error_prone_annotations/2.1.3/error_prone_annotations-2.1.3.jar:/Users/gourisoneja/.m2/repository/com/google/j2objc/j2objc-annotations/1.1/j2objc-annotations-1.1.jar:/Users/gourisoneja/.m2/repository/org/codehaus/mojo/animal-sniffer-annotations/1.14/animal-sniffer-annotations-1.14.jar:/Users/gourisoneja/.m2/repository/com/squareup/okhttp3/okhttp/3.11.0/okhttp-3.11.0.jar:/Users/gourisoneja/.m2/repository/com/squareup/okio/okio/1.14.0/okio-1.14.0.jar:/Users/gourisoneja/.m2/repository/org/testng/testng/7.4.0/testng-7.4.0.jar:/Users/gourisoneja/.m2/repository/com/beust/jcommander/1.78/jcommander-1.78.jar:/Users/gourisoneja/.m2/repository/org/webjars/jquery/3.5.1/jquery-3.5.1.jar:/Users/gourisoneja/.m2/repository/org/apache/poi/poi/4.0.0/poi-4.0.0.jar:/Users/gourisoneja/.m2/repository/commons-codec/commons-codec/1.10/commons-codec-1.10.jar:/Users/gourisoneja/.m2/repository/org/apache/commons/commons-collections4/4.2/commons-collections4-4.2.jar:/Users/gourisoneja/.m2/repository/org/apache/poi/poi-ooxml/4.0.0/poi-ooxml-4.0.0.jar:/Users/gourisoneja/.m2/repository/org/apache/commons/commons-compress/1.18/commons-compress-1.18.jar:/Users/gourisoneja/.m2/repository/com/github/virtuald/curvesapi/1.04/curvesapi-1.04.jar:/Users/gourisoneja/.m2/repository/org/apache/poi/poi-ooxml-schemas/4.1.2/poi-ooxml-schemas-4.1.2.jar:/Users/gourisoneja/.m2/repository/org/apache/xmlbeans/xmlbeans/3.1.0/xmlbeans-3.1.0.jar:/Users/gourisoneja/.m2/repository/org/apache/poi/poi-scratchpad/5.0.0/poi-scratchpad-5.0.0.jar:/Users/gourisoneja/.m2/repository/org/apache/poi/ooxml-schemas/1.4/ooxml-schemas-1.4.jar:/Users/gourisoneja/.m2/repository/org/apache/poi/openxml4j/1.0-beta/openxml4j-1.0-beta.jar:/Users/gourisoneja/.m2/repository/dom4j/dom4j/1.6.1/dom4j-1.6.1.jar:/Users/gourisoneja/.m2/repository/xml-apis/xml-apis/1.0.b2/xml-apis-1.0.b2.jar:/Users/gourisoneja/.m2/repository/log4j/log4j/1.2.8/log4j-1.2.8.jar:/Users/gourisoneja/.m2/repository/com/relevantcodes/extentreports/2.40.2/extentreports-2.40.2.jar:/Users/gourisoneja/.m2/repository/org/jsoup/jsoup/1.8.3/jsoup-1.8.3.jar:/Users/gourisoneja/.m2/repository/org/xerial/sqlite-jdbc/3.8.11.1/sqlite-jdbc-3.8.11.1.jar:/Users/gourisoneja/.m2/repository/org/freemarker/freemarker/2.3.23/freemarker-2.3.23.jar:"/>
    <property name="java.vm.vendor" value="Oracle Corporation"/>
    <property name="sun.arch.data.model" value="64"/>
    <property name="java.vendor.url" value="http://java.oracle.com/"/>
    <property name="user.timezone" value=""/>
    <property name="user.country.format" value="IN"/>
    <property name="java.vm.specification.version" value="1.8"/>
    <property name="os.name" value="Mac OS X"/>
    <property name="user.country" value="GB"/>
    <property name="sun.java.launcher" value="SUN_STANDARD"/>
    <property name="sun.boot.library.path" value="/Library/Java/JavaVirtualMachines/jdk1.8.0_271.jdk/Contents/Home/jre/lib"/>
    <property name="sun.java.command" value="/Users/gourisoneja/eclipse-workspace/FreeCRMTest/target/surefire/surefirebooter5294581889958485654.jar /Users/gourisoneja/eclipse-workspace/FreeCRMTest/target/surefire 2021-07-15T18-20-58_949-jvmRun1 surefire6186166174211787289tmp surefire_03163485212229616148tmp"/>
    <property name="http.nonProxyHosts" value="local|*.local|169.254/16|*.169.254/16"/>
    <property name="surefire.test.class.path" value="/Users/gourisoneja/eclipse-workspace/FreeCRMTest/target/test-classes:/Users/gourisoneja/eclipse-workspace/FreeCRMTest/target/classes:/Users/gourisoneja/.m2/repository/junit/junit/4.11/junit-4.11.jar:/Users/gourisoneja/.m2/repository/org/hamcrest/hamcrest-core/1.3/hamcrest-core-1.3.jar:/Users/gourisoneja/.m2/repository/org/seleniumhq/selenium/selenium-java/3.141.59/selenium-java-3.141.59.jar:/Users/gourisoneja/.m2/repository/org/seleniumhq/selenium/selenium-api/3.141.59/selenium-api-3.141.59.jar:/Users/gourisoneja/.m2/repository/org/seleniumhq/selenium/selenium-chrome-driver/3.141.59/selenium-chrome-driver-3.141.59.jar:/Users/gourisoneja/.m2/repository/org/seleniumhq/selenium/selenium-edge-driver/3.141.59/selenium-edge-driver-3.141.59.jar:/Users/gourisoneja/.m2/repository/org/seleniumhq/selenium/selenium-firefox-driver/3.141.59/selenium-firefox-driver-3.141.59.jar:/Users/gourisoneja/.m2/repository/org/seleniumhq/selenium/selenium-ie-driver/3.141.59/selenium-ie-driver-3.141.59.jar:/Users/gourisoneja/.m2/repository/org/seleniumhq/selenium/selenium-opera-driver/3.141.59/selenium-opera-driver-3.141.59.jar:/Users/gourisoneja/.m2/repository/org/seleniumhq/selenium/selenium-remote-driver/3.141.59/selenium-remote-driver-3.141.59.jar:/Users/gourisoneja/.m2/repository/org/seleniumhq/selenium/selenium-safari-driver/3.141.59/selenium-safari-driver-3.141.59.jar:/Users/gourisoneja/.m2/repository/org/seleniumhq/selenium/selenium-support/3.141.59/selenium-support-3.141.59.jar:/Users/gourisoneja/.m2/repository/net/bytebuddy/byte-buddy/1.8.15/byte-buddy-1.8.15.jar:/Users/gourisoneja/.m2/repository/org/apache/commons/commons-exec/1.3/commons-exec-1.3.jar:/Users/gourisoneja/.m2/repository/com/google/guava/guava/25.0-jre/guava-25.0-jre.jar:/Users/gourisoneja/.m2/repository/com/google/code/findbugs/jsr305/1.3.9/jsr305-1.3.9.jar:/Users/gourisoneja/.m2/repository/org/checkerframework/checker-compat-qual/2.0.0/checker-compat-qual-2.0.0.jar:/Users/gourisoneja/.m2/repository/com/google/errorprone/error_prone_annotations/2.1.3/error_prone_annotations-2.1.3.jar:/Users/gourisoneja/.m2/repository/com/google/j2objc/j2objc-annotations/1.1/j2objc-annotations-1.1.jar:/Users/gourisoneja/.m2/repository/org/codehaus/mojo/animal-sniffer-annotations/1.14/animal-sniffer-annotations-1.14.jar:/Users/gourisoneja/.m2/repository/com/squareup/okhttp3/okhttp/3.11.0/okhttp-3.11.0.jar:/Users/gourisoneja/.m2/repository/com/squareup/okio/okio/1.14.0/okio-1.14.0.jar:/Users/gourisoneja/.m2/repository/org/testng/testng/7.4.0/testng-7.4.0.jar:/Users/gourisoneja/.m2/repository/com/beust/jcommander/1.78/jcommander-1.78.jar:/Users/gourisoneja/.m2/repository/org/webjars/jquery/3.5.1/jquery-3.5.1.jar:/Users/gourisoneja/.m2/repository/org/apache/poi/poi/4.0.0/poi-4.0.0.jar:/Users/gourisoneja/.m2/repository/commons-codec/commons-codec/1.10/commons-codec-1.10.jar:/Users/gourisoneja/.m2/repository/org/apache/commons/commons-collections4/4.2/commons-collections4-4.2.jar:/Users/gourisoneja/.m2/repository/org/apache/poi/poi-ooxml/4.0.0/poi-ooxml-4.0.0.jar:/Users/gourisoneja/.m2/repository/org/apache/commons/commons-compress/1.18/commons-compress-1.18.jar:/Users/gourisoneja/.m2/repository/com/github/virtuald/curvesapi/1.04/curvesapi-1.04.jar:/Users/gourisoneja/.m2/repository/org/apache/poi/poi-ooxml-schemas/4.1.2/poi-ooxml-schemas-4.1.2.jar:/Users/gourisoneja/.m2/repository/org/apache/xmlbeans/xmlbeans/3.1.0/xmlbeans-3.1.0.jar:/Users/gourisoneja/.m2/repository/org/apache/poi/poi-scratchpad/5.0.0/poi-scratchpad-5.0.0.jar:/Users/gourisoneja/.m2/repository/org/apache/poi/ooxml-schemas/1.4/ooxml-schemas-1.4.jar:/Users/gourisoneja/.m2/repository/org/apache/poi/openxml4j/1.0-beta/openxml4j-1.0-beta.jar:/Users/gourisoneja/.m2/repository/dom4j/dom4j/1.6.1/dom4j-1.6.1.jar:/Users/gourisoneja/.m2/repository/xml-apis/xml-apis/1.0.b2/xml-apis-1.0.b2.jar:/Users/gourisoneja/.m2/repository/log4j/log4j/1.2.8/log4j-1.2.8.jar:/Users/gourisoneja/.m2/repository/com/relevantcodes/extentreports/2.40.2/extentreports-2.40.2.jar:/Users/gourisoneja/.m2/repository/org/jsoup/jsoup/1.8.3/jsoup-1.8.3.jar:/Users/gourisoneja/.m2/repository/org/xerial/sqlite-jdbc/3.8.11.1/sqlite-jdbc-3.8.11.1.jar:/Users/gourisoneja/.m2/repository/org/freemarker/freemarker/2.3.23/freemarker-2.3.23.jar:"/>
    <property name="sun.cpu.endian" value="little"/>
    <property name="user.home" value="/Users/gourisoneja"/>
    <property name="user.language" value="en"/>
    <property name="java.specification.vendor" value="Oracle Corporation"/>
    <property name="java.home" value="/Library/Java/JavaVirtualMachines/jdk1.8.0_271.jdk/Contents/Home/jre"/>
    <property name="basedir" value="/Users/gourisoneja/eclipse-workspace/FreeCRMTest"/>
    <property name="file.separator" value="/"/>
    <property name="line.separator" value="&#10;"/>
    <property name="java.vm.specification.vendor" value="Oracle Corporation"/>
    <property name="java.specification.name" value="Java Platform API Specification"/>
    <property name="java.awt.graphicsenv" value="sun.awt.CGraphicsEnvironment"/>
    <property name="surefire.real.class.path" value="/Users/gourisoneja/eclipse-workspace/FreeCRMTest/target/surefire/surefirebooter5294581889958485654.jar"/>
    <property name="sun.boot.class.path" value="/Library/Java/JavaVirtualMachines/jdk1.8.0_271.jdk/Contents/Home/jre/lib/resources.jar:/Library/Java/JavaVirtualMachines/jdk1.8.0_271.jdk/Contents/Home/jre/lib/rt.jar:/Library/Java/JavaVirtualMachines/jdk1.8.0_271.jdk/Contents/Home/jre/lib/sunrsasign.jar:/Library/Java/JavaVirtualMachines/jdk1.8.0_271.jdk/Contents/Home/jre/lib/jsse.jar:/Library/Java/JavaVirtualMachines/jdk1.8.0_271.jdk/Contents/Home/jre/lib/jce.jar:/Library/Java/JavaVirtualMachines/jdk1.8.0_271.jdk/Contents/Home/jre/lib/charsets.jar:/Library/Java/JavaVirtualMachines/jdk1.8.0_271.jdk/Contents/Home/jre/lib/jfr.jar:/Library/Java/JavaVirtualMachines/jdk1.8.0_271.jdk/Contents/Home/jre/classes"/>
    <property name="sun.management.compiler" value="HotSpot 64-Bit Tiered Compilers"/>
    <property name="ftp.nonProxyHosts" value="local|*.local|169.254/16|*.169.254/16"/>
    <property name="java.runtime.version" value="1.8.0_271-b09"/>
    <property name="user.name" value="gourisoneja"/>
    <property name="path.separator" value=":"/>
    <property name="os.version" value="10.15.7"/>
    <property name="java.endorsed.dirs" value="/Library/Java/JavaVirtualMachines/jdk1.8.0_271.jdk/Contents/Home/jre/lib/endorsed"/>
    <property name="java.runtime.name" value="Java(TM) SE Runtime Environment"/>
    <property name="file.encoding" value="UTF-8"/>
    <property name="java.vm.name" value="Java HotSpot(TM) 64-Bit Server VM"/>
    <property name="localRepository" value="/Users/gourisoneja/.m2/repository"/>
    <property name="java.vendor.url.bug" value="http://bugreport.sun.com/bugreport/"/>
    <property name="java.io.tmpdir" value="/var/folders/3k/k0dqsdvs737dvpw1l8n3x0n40000gp/T/"/>
    <property name="java.version" value="1.8.0_271"/>
    <property name="user.dir" value="/Users/gourisoneja/eclipse-workspace/FreeCRMTest"/>
    <property name="os.arch" value="x86_64"/>
    <property name="java.vm.specification.name" value="Java Virtual Machine Specification"/>
    <property name="java.awt.printerjob" value="sun.lwawt.macosx.CPrinterJob"/>
    <property name="sun.os.patch.level" value="unknown"/>
    <property name="java.library.path" value="/Users/gourisoneja/Library/Java/Extensions:/Library/Java/Extensions:/Network/Library/Java/Extensions:/System/Library/Java/Extensions:/usr/lib/java:."/>
    <property name="java.vm.info" value="mixed mode"/>
    <property name="java.vendor" value="Oracle Corporation"/>
    <property name="java.vm.version" value="25.271-b09"/>
    <property name="java.ext.dirs" value="/Users/gourisoneja/Library/Java/Extensions:/Library/Java/JavaVirtualMachines/jdk1.8.0_271.jdk/Contents/Home/jre/lib/ext:/Library/Java/Extensions:/Network/Library/Java/Extensions:/System/Library/Java/Extensions:/usr/lib/java"/>
    <property name="sun.io.unicode.encoding" value="UnicodeBig"/>
    <property name="java.class.version" value="52.0"/>
    <property name="socksNonProxyHosts" value="local|*.local|169.254/16|*.169.254/16"/>
  </properties>
  <testcase name="contacts" classname="com.crm.qa.testcases.CogmentoHomePageTest" time="6.094"/>
  <testcase name="nameLabel" classname="com.crm.qa.testcases.CogmentoHomePageTest" time="3.255"/>
  <testcase name="validateCreateNewContact" classname="com.crm.qa.testcases.ContactsPageTest" time="12.263"/>
  <testcase name="validateCreateNewContact" classname="com.crm.qa.testcases.ContactsPageTest" time="6.018"/>
  <testcase name="validateCreateNewContact" classname="com.crm.qa.testcases.ContactsPageTest" time="6.542"/>
  <testcase name="validateCreateNewContact" classname="com.crm.qa.testcases.ContactsPageTest" time="11.147"/>
  <testcase name="homePageTitleTest" classname="com.crm.qa.testcases.HomePageTest" time="0.005"/>
  <testcase name="crmLogoImageTest" classname="com.crm.qa.testcases.HomePageTest" time="1.301"/>
  <testcase name="homeTest" classname="com.crm.qa.testcases.HomePageTest" time="4.318"/>
  <testcase name="loginTest" classname="com.crm.qa.testcases.LoginPageTest" time="2.546"/>
</testsuite>