<?xml version="1.0" encoding="UTF-8"?>
<!-- Generated by org.testng.reporters.JUnitReportReporter -->
<testsuite hostname="C02DD3ZUMD6M" failures="0" tests="2" name="com.crm.qa.testcases.CogmentoHomePageTest" time="40.376" errors="0" timestamp="2021-07-15T15:48:10 IST" skipped="0">
  <testcase classname="com.crm.qa.testcases.CogmentoHomePageTest" name="contacts" time="21.941"/>
  <system-out/>
  <testcase classname="com.crm.qa.testcases.CogmentoHomePageTest" name="nameLabel" time="18.435"/>
  <system-out/>
</testsuite> <!-- com.crm.qa.testcases.CogmentoHomePageTest -->
