<?xml version="1.0" encoding="UTF-8"?>
<!-- Generated by org.testng.reporters.JUnitReportReporter -->
<testsuite hostname="C02DD3ZUMD6M" failures="0" tests="3" name="com.crm.qa.testcases.HomePageTest" time="24.617" errors="0" timestamp="2021-07-15T15:48:10 IST" skipped="0">
  <testcase classname="com.crm.qa.testcases.HomePageTest" name="homePageTitleTest" time="7.373"/>
  <system-out/>
  <testcase classname="com.crm.qa.testcases.HomePageTest" name="crmLogoImageTest" time="6.618"/>
  <system-out/>
  <testcase classname="com.crm.qa.testcases.HomePageTest" name="homeTest" time="10.626"/>
  <system-out/>
</testsuite> <!-- com.crm.qa.testcases.HomePageTest -->
