<?xml version="1.0" encoding="UTF-8"?>
<!-- Generated by org.testng.reporters.JUnitReportReporter -->
<testsuite hostname="C02DD3ZUMD6M" failures="0" tests="1" name="com.crm.qa.testcases.LoginPageTest" time="11.136" errors="0" timestamp="2021-07-16T11:49:47 IST" skipped="0">
  <testcase classname="com.crm.qa.testcases.LoginPageTest" name="loginTest" time="11.136"/>
  <system-out/>
</testsuite> <!-- com.crm.qa.testcases.LoginPageTest -->
