<?xml version="1.0" encoding="UTF-8"?>
<!-- Generated by org.testng.reporters.JUnitReportReporter -->
<testsuite hostname="C02DD3ZUMD6M" failures="0" tests="3" name="com.crm.qa.testcases.HomePageTest" time="23.558" errors="0" timestamp="2021-07-16T11:49:47 IST" skipped="0">
  <testcase classname="com.crm.qa.testcases.HomePageTest" name="homePageTitleTest" time="7.019"/>
  <system-out/>
  <testcase classname="com.crm.qa.testcases.HomePageTest" name="crmLogoImageTest" time="6.727"/>
  <system-out/>
  <testcase classname="com.crm.qa.testcases.HomePageTest" name="homeTest" time="9.812"/>
  <system-out/>
</testsuite> <!-- com.crm.qa.testcases.HomePageTest -->
