<?xml version="1.0" encoding="UTF-8"?>
<!-- Generated by org.testng.reporters.JUnitReportReporter -->
<testsuite hostname="C02DD3ZUMD6M" failures="0" tests="1" name="com.crm.qa.testcases.LoginPageTest" time="13.087" errors="0" timestamp="2021-07-15T15:48:10 IST" skipped="0">
  <testcase classname="com.crm.qa.testcases.LoginPageTest" name="loginTest" time="13.087"/>
  <system-out/>
</testsuite> <!-- com.crm.qa.testcases.LoginPageTest -->
