<?xml version="1.0" encoding="UTF-8"?>
<!-- Generated by org.testng.reporters.JUnitReportReporter -->
<testsuite hostname="C02DD3ZUMD6M" failures="0" tests="2" name="com.crm.qa.testcases.CogmentoHomePageTest" time="30.610" errors="0" timestamp="2021-07-16T11:49:47 IST" skipped="0">
  <testcase classname="com.crm.qa.testcases.CogmentoHomePageTest" name="nameLabel" time="14.643"/>
  <system-out/>
  <testcase classname="com.crm.qa.testcases.CogmentoHomePageTest" name="contacts" time="15.967"/>
  <system-out/>
</testsuite> <!-- com.crm.qa.testcases.CogmentoHomePageTest -->
