<?xml version="1.0" encoding="UTF-8"?>
<!-- Generated by org.testng.reporters.JUnitReportReporter -->
<testsuite skipped="0" hostname="C02DD3ZUMD6M" name="com.crm.qa.testcases.CogmentoHomePageTest" tests="2" failures="0" timestamp="2021-07-15T18:24:05 IST" time="37.598" errors="0">
  <testcase name="nameLabel" time="17.028" classname="com.crm.qa.testcases.CogmentoHomePageTest"/>
  <system-out/>
  <testcase name="contacts" time="20.570" classname="com.crm.qa.testcases.CogmentoHomePageTest"/>
  <system-out/>
</testsuite> <!-- com.crm.qa.testcases.CogmentoHomePageTest -->
