<?xml version="1.0" encoding="UTF-8"?>
<!-- Generated by org.testng.reporters.JUnitReportReporter -->
<testsuite skipped="0" hostname="C02DD3ZUMD6M" name="com.crm.qa.testcases.HomePageTest" tests="3" failures="0" timestamp="2021-07-15T18:24:05 IST" time="24.865" errors="0">
  <testcase name="homePageTitleTest" time="5.669" classname="com.crm.qa.testcases.HomePageTest"/>
  <system-out/>
  <testcase name="crmLogoImageTest" time="9.192" classname="com.crm.qa.testcases.HomePageTest"/>
  <system-out/>
  <testcase name="homeTest" time="10.004" classname="com.crm.qa.testcases.HomePageTest"/>
  <system-out/>
</testsuite> <!-- com.crm.qa.testcases.HomePageTest -->
