<?xml version="1.0" encoding="UTF-8"?>
<!-- Generated by org.testng.reporters.JUnitReportReporter -->
<testsuite skipped="3" hostname="C02DD3ZUMD6M" name="com.crm.qa.testcases.ContactsPageTest" tests="7" failures="0" timestamp="2021-07-15T18:24:05 IST" time="105.188" errors="0">
  <testcase name="validateCreateNewContact" time="23.504" classname="com.crm.qa.testcases.ContactsPageTest"/>
  <system-out/>
  <testcase name="validateCreateNewContact" time="30.112" classname="com.crm.qa.testcases.ContactsPageTest"/>
  <system-out/>
  <testcase name="validateCreateNewContact" time="25.005" classname="com.crm.qa.testcases.ContactsPageTest"/>
  <system-out/>
  <testcase name="validateCreateNewContact" time="26.567" classname="com.crm.qa.testcases.ContactsPageTest"/>
  <system-out/>
  <testcase name="selectContactText" classname="com.crm.qa.testcases.ContactsPageTest">
    <skipped/>
  </testcase> <!-- selectContactText -->
  <system-out/>
  <testcase name="selectMultipleContacts" classname="com.crm.qa.testcases.ContactsPageTest">
    <skipped/>
  </testcase> <!-- selectMultipleContacts -->
  <system-out/>
  <testcase name="contactsLabelText" classname="com.crm.qa.testcases.ContactsPageTest">
    <skipped/>
  </testcase> <!-- contactsLabelText -->
  <system-out/>
</testsuite> <!-- com.crm.qa.testcases.ContactsPageTest -->
