<?xml version="1.0" encoding="UTF-8"?>
<!-- Generated by org.testng.reporters.JUnitReportReporter -->
<testsuite skipped="0" hostname="C02DD3ZUMD6M" name="com.crm.qa.testcases.LoginPageTest" tests="1" failures="0" timestamp="2021-07-16T22:51:36 IST" time="12.818" errors="0">
  <testcase name="loginTest" time="12.818" classname="com.crm.qa.testcases.LoginPageTest"/>
  <system-out/>
</testsuite> <!-- com.crm.qa.testcases.LoginPageTest -->
