<?xml version="1.0" encoding="UTF-8"?>
<!-- Generated by org.testng.reporters.JUnitReportReporter -->
<testsuite skipped="0" hostname="C02DD3ZUMD6M" name="com.crm.qa.testcases.HomePageTest" tests="3" failures="0" timestamp="2021-07-16T22:51:36 IST" time="25.704" errors="0">
  <testcase name="homePageTitleTest" time="7.728" classname="com.crm.qa.testcases.HomePageTest"/>
  <system-out/>
  <testcase name="crmLogoImageTest" time="6.640" classname="com.crm.qa.testcases.HomePageTest"/>
  <system-out/>
  <testcase name="homeTest" time="11.336" classname="com.crm.qa.testcases.HomePageTest"/>
  <system-out/>
</testsuite> <!-- com.crm.qa.testcases.HomePageTest -->
